<?xml version="1.0" encoding="UTF-8"?>
<testng-results skipped="0" failed="0" total="1" passed="1">
  <reporter-output>
  </reporter-output>
  <suite name="test suite" duration-ms="26806" started-at="2018-01-21T03:59:45Z" finished-at="2018-01-21T04:00:11Z">
    <groups>
    </groups>
    <test name="test class" duration-ms="26806" started-at="2018-01-21T03:59:45Z" finished-at="2018-01-21T04:00:11Z">
      <class name="example.NewTest">
        <test-method status="PASS" signature="beforeTest()[pri:0, instance:example.NewTest@1f3ddb1]" name="beforeTest" is-config="true" duration-ms="17964" started-at="2018-01-21T09:29:45Z" finished-at="2018-01-21T09:30:03Z">
          <reporter-output>
          </reporter-output>
        </test-method> <!-- beforeTest -->
        <test-method status="PASS" signature="testEasy()[pri:0, instance:example.NewTest@1f3ddb1]" name="testEasy" duration-ms="7054" started-at="2018-01-21T09:30:03Z" finished-at="2018-01-21T09:30:10Z">
          <reporter-output>
          </reporter-output>
        </test-method> <!-- testEasy -->
        <test-method status="PASS" signature="afterTest()[pri:0, instance:example.NewTest@1f3ddb1]" name="afterTest" is-config="true" duration-ms="1751" started-at="2018-01-21T09:30:10Z" finished-at="2018-01-21T09:30:11Z">
          <reporter-output>
          </reporter-output>
        </test-method> <!-- afterTest -->
      </class> <!-- example.NewTest -->
    </test> <!-- test class -->
  </suite> <!-- test suite -->
</testng-results>
